[debug] [2024-09-11T01:17:06.550Z] ----------------------------------------------------------------------
[debug] [2024-09-11T01:17:06.550Z] Command:       /usr/local/bin/node /usr/local/bin/firebase login --no-localhost
[debug] [2024-09-11T01:17:06.551Z] CLI Version:   12.4.7
[debug] [2024-09-11T01:17:06.551Z] Platform:      darwin
[debug] [2024-09-11T01:17:06.551Z] Node Version:  v18.14.2
[debug] [2024-09-11T01:17:06.554Z] Time:          Tue Sep 10 2024 15:17:06 GMT-1000 (Hawaii-Aleutian Standard Time)
[debug] [2024-09-11T01:17:06.554Z] ----------------------------------------------------------------------
[debug] 
[debug] [2024-09-11T01:17:06.555Z] >>> [apiv2][query] GET https://firebase-public.firebaseio.com/cli.json [none]
[info] i  Firebase optionally collects CLI and Emulator Suite usage and error reporting information to help improve our products. Data is collected in accordance with Google's privacy policy (https://policies.google.com/privacy) and is not used to identify you.
 
[debug] [2024-09-11T01:17:06.956Z] <<< [apiv2][status] GET https://firebase-public.firebaseio.com/cli.json 200
[debug] [2024-09-11T01:17:06.957Z] <<< [apiv2][body] GET https://firebase-public.firebaseio.com/cli.json {"cloudBuildErrorAfter":1594252800000,"cloudBuildWarnAfter":1590019200000,"defaultNode10After":1594252800000,"minVersion":"3.0.5","node8DeploysDisabledAfter":1613390400000,"node8RuntimeDisabledAfter":1615809600000,"node8WarnAfter":1600128000000}
[debug] [2024-09-11T01:17:15.476Z] >>> [apiv2][query] POST https://auth.firebase.tools/attest [none]
[debug] [2024-09-11T01:17:15.477Z] >>> [apiv2][body] POST https://auth.firebase.tools/attest {"session_id":"4c49d516-e428-4198-8b89-ea16f2c4d409"}
[debug] [2024-09-11T01:17:16.642Z] <<< [apiv2][status] POST https://auth.firebase.tools/attest 200
[debug] [2024-09-11T01:17:16.643Z] <<< [apiv2][body] POST https://auth.firebase.tools/attest {"token":"y24xS7rQV-sPgdimqYHPOBr8fu9Avy3ui3SGfgTOgkI"}
[info] 
[info] To sign in to the Firebase CLI:
[info] 
[info] 1. Take note of your session ID:
[info] 
[info]    4C49D
[info] 
[info] 2. Visit the URL below on any device and follow the instructions to get your code:
[info] 
[info]    https://auth.firebase.tools/login?code_challenge=-E6NyuRDg4ueAmXanxg3gLzqjTTsbS6_nHp8ZQXvxcw&session=4c49d516-e428-4198-8b89-ea16f2c4d409&attest=y24xS7rQV-sPgdimqYHPOBr8fu9Avy3ui3SGfgTOgkI
[info] 
[info] 3. Paste or enter the authorization code below once you have it:
[info] 
